<?xml version="1.0" encoding="UTF-8"?>
<testng-results ignored="0" total="1" passed="1" failed="0" skipped="0">
  <reporter-output>
  </reporter-output>
  <suite started-at="2025-03-14T16:18:44 IST" name="Default suite" finished-at="2025-03-14T16:18:57 IST" duration-ms="13048">
    <groups>
    </groups>
    <test started-at="2025-03-14T16:18:44 IST" name="Default test" finished-at="2025-03-14T16:18:57 IST" duration-ms="13048">
      <class name="com.OHRM.TestScripts.OHRMLoginTest">
        <test-method signature="loginTest()[pri:0, instance:com.OHRM.TestScripts.OHRMLoginTest@342c38f8]" started-at="2025-03-14T16:18:44 IST" name="loginTest" finished-at="2025-03-14T16:18:57 IST" duration-ms="13008" status="PASS">
          <reporter-output>
          </reporter-output>
        </test-method> <!-- loginTest -->
      </class> <!-- com.OHRM.TestScripts.OHRMLoginTest -->
    </test> <!-- Default test -->
  </suite> <!-- Default suite -->
</testng-results>
