<?xml version="1.0" encoding="UTF-8"?>
<testsuite name="Cucumber" time="0.42" tests="2" skipped="0" failures="0" errors="0" timestamp="2025-04-05T18:42:40.964840Z">
<testcase classname="Check home page functionality" name="check logout link" time="0.029">
<system-out><![CDATA[
Given user is on login page.................................................passed
When user enters username and password......................................passed
And clicks on login button..................................................passed
Then user is navigated to the homepage......................................passed
When user clicks on welcome link............................................passed
Then logout link is displayed...............................................passed
]]></system-out>
</testcase>
<testcase classname="Check home page functionality" name="verify quick launch toolbar is present" time="0.022">
<system-out><![CDATA[
Given user is on login page.................................................passed
When user enters username and password......................................passed
And clicks on login button..................................................passed
Then user is navigated to the homepage......................................passed
When user clicks on dashboard link..........................................passed
Then quick launch toolbar is displayed......................................passed
]]></system-out>
</testcase>
</testsuite>
