<?xml version="1.0" encoding="UTF-8"?>
<!-- Generated by org.testng.reporters.JUnitReportReporter -->
<testsuite hostname="DESKTOP-036HN35" failures="0" tests="2" name="testng.genratestest.OHRMLoginValidation" time="26.698" errors="0" timestamp="2024-09-09T14:11:56 IST" skipped="0">
  <testcase classname="testng.genratestest.OHRMLoginValidation" name="loginmethods" time="26.655"/>
  <system-out/>
  <testcase classname="testng.genratestest.OHRMLoginValidation" name="afteLoginmethods" time="0.043"/>
  <system-out/>
</testsuite> <!-- testng.genratestest.OHRMLoginValidation -->
