<?xml version="1.0" encoding="UTF-8"?>
<testng-results ignored="0" total="0" passed="0" failed="0" skipped="0">
  <reporter-output>
  </reporter-output>
  <suite started-at="2025-07-29T16:41:18 IST" name="my Demo testNg suite" finished-at="2025-07-29T16:41:18 IST" duration-ms="47">
    <groups>
    </groups>
    <test started-at="2025-07-29T16:41:18 IST" name="Sample tests" finished-at="2025-07-29T16:41:18 IST" duration-ms="47">
    </test> <!-- Sample tests -->
  </suite> <!-- my Demo testNg suite -->
</testng-results>
